exec sensors|grep 'Core 0'|cut -c 16-22
python2.7 appcfg.py --oauth2 -A id update /home/user/id/
john --restore|aircrack-ng -b 00:00:00:00:00:01 -w - 000001.cap
reaver -i mon0 -b <AP's MAC> -v -NSE -s <AP's MAC>.wpc
route add -net 192.168.1.0/24 dev eth0
route add -net 192.168.0.0/24 dev wlan0
tcpdump port 80 and host 192.168.1.1 -w 001.cap
hydra -l [username] -P [/path/to/wordlist] -e ns -t 15 -f -s -vV [hostname/ip] http-get [folder]
 
eix opengl|grep '\[I\]' >>/eselect.log 
eix |grep '\[I\]' >>/eselect.log 
git clone git://github.com/rapid7/metasploit-framework

steghide
wget -r -p -np -k -c http://
md5bf -m xx-hash-xx -d xx-dict-xx.dic
john --format=raw-MD5 user.md5
vim >>> nmap <F9> :w<CR>:!python %<CR>
vim >>> au BufRead *.py map <buffer> <F9> :w<CR>:!/usr/bin/env python2 % <CR>
vim >>> au BufRead *.c map <buffer> <F10> :w<CR>:!gcc % &&./a.out <CR>
sed -e 's/\-[[:digit:]].*//'   	/* del gentoo package '-release' and other */
sed -e 's/\-[[:digit:]].*\s/ /'	/* del gentoo package '-release' only! */
jarsigner -verbose -keystore xxx.keystore -signedjar app.apk app-unsigned.apk xxx.keystore
java -classpath /home/pl/eclipse-workspace/chapter01/bin/ cn/itcast/chapter01/HelloWorld
curl -v -X POST http://ctf5.shiyanbar.com/web/jiandan/index.php -d "id=222&submit=Login"
hydra -l kevin -P passwd/password-4.dic -f 192.168.0.113 http-form-post "/mutillidae/index.php?page=login.php:username=^USER^&password=^PASS^&login-php-submit-button=Login:Account does not exist"
find /www/mutillidae -name "*.php" | xargs grep -i "password" | grep "="
find /www/mutillidae -name 'MySQLHandler.php' | xargs cat | sed 's/</\&#60;/g' | sed 's/>/\&#62;/g'
echo -e 'mypass\nmypass' | grub-mkpasswd-pbkdf2 | awk '/grub.pbkdf/{print}'
for i in {1..100}; do echo $i;done
